12:42:08 **** Rebuild of configuration Debug for project UDPserver ****
Info: Internal Builder is used for build
gcc -O0 -g3 -Wall -c -fmessage-length=0 -o "src\\Server.o" "..\\src\\Server.c" 
gcc -o UDPserver.exe "src\\Server.o" -lwsock32 
Info: Nothing to build for UDPserver
12:45:34 **** Incremental Build of configuration Debug for project UDPserver ****
Info: Internal Builder is used for build
gcc -O0 -g3 -Wall -c -fmessage-length=0 -o "src\\Server.o" "..\\src\\Server.c" 
gcc -o UDPserver.exe "src\\Server.o" -lwsock32 
Info: Nothing to build for UDPserver
19:36:49 **** Incremental Build of configuration Debug for project UDPserver ****
Info: Internal Builder is used for build
gcc -O0 -g3 -Wall -c -fmessage-length=0 -o "src\\Server.o" "..\\src\\Server.c" 
..\src\Server.c: In function 'main':
..\src\Server.c:48:24: warning: assignment makes integer from pointer without a cast [-Wint-conversion]
  s_Addr.sin_addr.s_addr= gethostbyname("passwdgen.uniba.it");
                        ^
..\src\Server.c:53:2: warning: implicit declaration of function 'print' [-Wimplicit-function-declaration]
  print("BIND SUCCESS...\n");
  ^~~~~
..\src\Server.c:38:7: warning: unused variable 'buffer' [-Wunused-variable]
  char buffer[BUFFSIZE];
       ^~~~~~
..\src\Server.c:37:6: warning: unused variable 'c_AddrLen' [-Wunused-variable]
  int c_AddrLen;
      ^~~~~~~~~
..\src\Server.c:36:21: warning: unused variable 'c_Addr' [-Wunused-variable]
  struct sockaddr_in c_Addr;
                     ^~~~~~
gcc -o UDPserver.exe "src\\Server.o" -lwsock32 
src\Server.o: In function `main':
C:\Users\simon\OneDrive\Desktop\UDPconnection\UDPserver\Debug/../src/Server.c:53: undefined reference to `print'
collect2.exe: error: ld returned 1 exit status
19:37:02 **** Incremental Build of configuration Debug for project UDPserver ****
Info: Internal Builder is used for build
gcc -O0 -g3 -Wall -c -fmessage-length=0 -o "src\\Server.o" "..\\src\\Server.c" 
..\src\Server.c: In function 'main':
..\src\Server.c:48:24: warning: assignment makes integer from pointer without a cast [-Wint-conversion]
  s_Addr.sin_addr.s_addr= gethostbyname("passwdgen.uniba.it");
                        ^
..\src\Server.c:38:7: warning: unused variable 'buffer' [-Wunused-variable]
  char buffer[BUFFSIZE];
       ^~~~~~
..\src\Server.c:37:6: warning: unused variable 'c_AddrLen' [-Wunused-variable]
  int c_AddrLen;
      ^~~~~~~~~
..\src\Server.c:36:21: warning: unused variable 'c_Addr' [-Wunused-variable]
  struct sockaddr_in c_Addr;
                     ^~~~~~
gcc -o UDPserver.exe "src\\Server.o" -lwsock32 
20:12:27 **** Incremental Build of configuration Debug for project UDPserver ****
Info: Internal Builder is used for build
gcc -O0 -g3 -Wall -c -fmessage-length=0 -o "src\\Server.o" "..\\src\\Server.c" 
..\src\Server.c: In function 'main':
..\src\Server.c:66:3: warning: implicit declaration of function 'close' [-Wimplicit-function-declaration]
   close(s_sock);
   ^~~~~
..\src\Server.c:39:7: warning: unused variable 'buffer' [-Wunused-variable]
  char buffer[BUFFSIZE];
       ^~~~~~
..\src\Server.c:38:6: warning: unused variable 'c_AddrLen' [-Wunused-variable]
  int c_AddrLen;
      ^~~~~~~~~
..\src\Server.c:37:29: warning: unused variable 'c_Addr' [-Wunused-variable]
  struct sockaddr_in s_Addr, c_Addr;
                             ^~~~~~
gcc -o UDPserver.exe "src\\Server.o" -lwsock32 
Info: Nothing to build for UDPserver
Info: Nothing to build for UDPserver
Info: Nothing to build for UDPserver
Info: Nothing to build for UDPserver
18:48:47 **** Incremental Build of configuration Debug for project UDPserver ****
Info: Internal Builder is used for build
gcc -O0 -g3 -Wall -c -fmessage-length=0 -o "src\\Server.o" "..\\src\\Server.c" 
..\src\Server.c: In function 'main':
..\src\Server.c:67:3: warning: implicit declaration of function 'close' [-Wimplicit-function-declaration]
   close(s_sock);
   ^~~~~
..\src\Server.c:75:80: warning: passing argument 6 of 'recvfrom' makes pointer from integer without a cast [-Wint-conversion]
   if((recvMsgSize= recvfrom(s_sock,buffer,BUFFSIZE,0,(struct sockaddr*)&c_Addr,c_AddrLen))==-1){
                                                                                ^~~~~~~~~
In file included from ..\src\Server.c:2:0:
c:\mingw\include\winsock.h:596:32: note: expected 'int *' but argument is of type 'int'
 WINSOCK_API_LINKAGE int PASCAL recvfrom (SOCKET, char *, int, int, struct sockaddr *, int *);
                                ^~~~~~~~
..\src\Server.c:81:3: warning: implicit declaration of function 'pritnf' [-Wimplicit-function-declaration]
   pritnf("New Request from:%s:%d\n",inet_ntoa(s_Addr.sin_addr),PROTOPORT);
   ^~~~~~
gcc -o UDPserver.exe "src\\Server.o" -lwsock32 
src\Server.o: In function `main':
C:\Users\simon\OneDrive\Desktop\UDPconnection\UDPserver\Debug/../src/Server.c:81: undefined reference to `pritnf'
collect2.exe: error: ld returned 1 exit status
18:49:02 **** Incremental Build of configuration Debug for project UDPserver ****
Info: Internal Builder is used for build
gcc -o UDPserver.exe "src\\Server.o" -lwsock32 
src\Server.o: In function `main':
C:\Users\simon\OneDrive\Desktop\UDPconnection\UDPserver\Debug/../src/Server.c:81: undefined reference to `pritnf'
collect2.exe: error: ld returned 1 exit status
18:49:17 **** Incremental Build of configuration Debug for project UDPserver ****
Info: Internal Builder is used for build
gcc -O0 -g3 -Wall -c -fmessage-length=0 -o "src\\Server.o" "..\\src\\Server.c" 
..\src\Server.c: In function 'main':
..\src\Server.c:67:3: warning: implicit declaration of function 'close' [-Wimplicit-function-declaration]
   close(s_sock);
   ^~~~~
..\src\Server.c:75:80: warning: passing argument 6 of 'recvfrom' makes pointer from integer without a cast [-Wint-conversion]
   if((recvMsgSize= recvfrom(s_sock,buffer,BUFFSIZE,0,(struct sockaddr*)&c_Addr,c_AddrLen))==-1){
                                                                                ^~~~~~~~~
In file included from ..\src\Server.c:2:0:
c:\mingw\include\winsock.h:596:32: note: expected 'int *' but argument is of type 'int'
 WINSOCK_API_LINKAGE int PASCAL recvfrom (SOCKET, char *, int, int, struct sockaddr *, int *);
                                ^~~~~~~~
gcc -o UDPserver.exe "src\\Server.o" -lwsock32 
Info: Nothing to build for UDPserver
18:58:34 **** Incremental Build of configuration Debug for project UDPserver ****
Info: Internal Builder is used for build
gcc -O0 -g3 -Wall -c -fmessage-length=0 -o "src\\Server.o" "..\\src\\Server.c" 
..\src\Server.c: In function 'main':
..\src\Server.c:67:3: warning: implicit declaration of function 'close' [-Wimplicit-function-declaration]
   close(sock);
   ^~~~~
..\src\Server.c:75:78: warning: passing argument 6 of 'recvfrom' makes pointer from integer without a cast [-Wint-conversion]
   if((recvMsgSize= recvfrom(sock,buffer,BUFFSIZE,0,(struct sockaddr*)&c_Addr,c_AddrLen))<0){
                                                                              ^~~~~~~~~
In file included from ..\src\Server.c:2:0:
c:\mingw\include\winsock.h:596:32: note: expected 'int *' but argument is of type 'int'
 WINSOCK_API_LINKAGE int PASCAL recvfrom (SOCKET, char *, int, int, struct sockaddr *, int *);
                                ^~~~~~~~
gcc -o UDPserver.exe "src\\Server.o" -lwsock32 
Info: Nothing to build for UDPserver
Info: Nothing to build for UDPserver
Info: Nothing to build for UDPserver
Info: Nothing to build for UDPserver
19:02:35 **** Incremental Build of configuration Debug for project UDPserver ****
Info: Internal Builder is used for build
gcc -O0 -g3 -Wall -c -fmessage-length=0 -o "src\\Server.o" "..\\src\\Server.c" 
..\src\Server.c: In function 'main':
..\src\Server.c:67:3: warning: implicit declaration of function 'close' [-Wimplicit-function-declaration]
   close(sock);
   ^~~~~
..\src\Server.c:76:78: warning: passing argument 6 of 'recvfrom' makes pointer from integer without a cast [-Wint-conversion]
   if((recvMsgSize= recvfrom(sock,buffer,BUFFSIZE,0,(struct sockaddr*)&c_Addr,c_AddrLen))<0){
                                                                              ^~~~~~~~~
In file included from ..\src\Server.c:2:0:
c:\mingw\include\winsock.h:596:32: note: expected 'int *' but argument is of type 'int'
 WINSOCK_API_LINKAGE int PASCAL recvfrom (SOCKET, char *, int, int, struct sockaddr *, int *);
                                ^~~~~~~~
gcc -o UDPserver.exe "src\\Server.o" -lwsock32 
Info: Nothing to build for UDPserver
19:05:06 **** Incremental Build of configuration Debug for project UDPserver ****
Info: Internal Builder is used for build
gcc -O0 -g3 -Wall -c -fmessage-length=0 -o "src\\Server.o" "..\\src\\Server.c" 
..\src\Server.c: In function 'main':
..\src\Server.c:67:3: warning: implicit declaration of function 'close' [-Wimplicit-function-declaration]
   close(sock);
   ^~~~~
gcc -o UDPserver.exe "src\\Server.o" -lwsock32 
Info: Nothing to build for UDPserver
19:52:41 **** Rebuild of configuration Debug for project UDPclient ****
Info: Internal Builder is used for build
gcc -O0 -g3 -Wall -c -fmessage-length=0 -o "src\\Client.o" "..\\src\\Client.c" 
..\src\Client.c: In function 'main':
..\src\Client.c:108:7: warning: unused variable 'buffer' [-Wunused-variable]
  char buffer[BUFFSIZE];
       ^~~~~~
..\src\Client.c:106:6: warning: unused variable 'c_size' [-Wunused-variable]
  int c_size;
      ^~~~~~
..\src\Client.c:105:29: warning: unused variable 'c_Addr' [-Wunused-variable]
  struct sockaddr_in s_Addr, c_Addr;
                             ^~~~~~
gcc -o UDPclient.exe "src\\Client.o" -lwsock32 
Info: Nothing to build for UDPclient
Info: Nothing to build for UDPclient
19:55:37 **** Incremental Build of configuration Debug for project UDPclient ****
Info: Internal Builder is used for build
gcc -O0 -g3 -Wall -c -fmessage-length=0 -o "src\\Client.o" "..\\src\\Client.c" 
..\src\Client.c: In function 'main':
..\src\Client.c:107:7: warning: unused variable 'buffer' [-Wunused-variable]
  char buffer[BUFFSIZE];
       ^~~~~~
..\src\Client.c:105:6: warning: unused variable 'c_size' [-Wunused-variable]
  int c_size;
      ^~~~~~
..\src\Client.c:104:29: warning: unused variable 'c_Addr' [-Wunused-variable]
  struct sockaddr_in s_Addr, c_Addr;
                             ^~~~~~
gcc -o UDPclient.exe "src\\Client.o" -lwsock32 
Info: Nothing to build for UDPclient
20:08:02 **** Incremental Build of configuration Debug for project UDPclient ****
Info: Internal Builder is used for build
gcc -O0 -g3 -Wall -c -fmessage-length=0 -o "src\\Client.o" "..\\src\\Client.c" 
..\src\Client.c: In function 'main':
..\src\Client.c:107:7: warning: unused variable 'buffer' [-Wunused-variable]
  char buffer[BUFFSIZE];
       ^~~~~~
..\src\Client.c:105:6: warning: unused variable 'c_size' [-Wunused-variable]
  int c_size;
      ^~~~~~
..\src\Client.c:104:29: warning: unused variable 'c_Addr' [-Wunused-variable]
  struct sockaddr_in s_Addr, c_Addr;
                             ^~~~~~
gcc -o UDPclient.exe "src\\Client.o" -lwsock32 
Info: Nothing to build for UDPclient
20:08:10 **** Incremental Build of configuration Debug for project UDPserver ****
Info: Internal Builder is used for build
gcc -O0 -g3 -Wall -c -fmessage-length=0 -o "src\\Server.o" "..\\src\\Server.c" 
..\src\Server.c: In function 'main':
..\src\Server.c:67:3: warning: implicit declaration of function 'close' [-Wimplicit-function-declaration]
   close(sock);
   ^~~~~
gcc -o UDPserver.exe "src\\Server.o" -lwsock32 
Info: Nothing to build for UDPclient
11:09:00 **** Incremental Build of configuration Debug for project UDPserver ****
Info: Internal Builder is used for build
gcc -O0 -g3 -Wall -c -fmessage-length=0 -o "src\\Server.o" "..\\src\\Server.c" 
gcc -o UDPserver.exe "src\\Server.o" -lwsock32 
12:46:03 **** Incremental Build of configuration Debug for project UDPserver ****
Info: Internal Builder is used for build
gcc -O0 -g3 -Wall -c -fmessage-length=0 -o "src\\Server.o" "..\\src\\Server.c" 
gcc -o UDPserver.exe "src\\Server.o" -lwsock32 
Info: Nothing to build for UDPserver
Info: Nothing to build for UDPclient
13:11:50 **** Incremental Build of configuration Debug for project UDPserver ****
Info: Internal Builder is used for build
gcc -O0 -g3 -Wall -c -fmessage-length=0 -o "src\\Server.o" "..\\src\\Server.c" 
..\src\Server.c: In function 'generate_unambiguous':
..\src\Server.c:30:22: warning: implicit declaration of function 'random_char' [-Wimplicit-function-declaration]
          output[i] = random_char(full_charset);
                      ^~~~~~~~~~~
..\src\Server.c: At top level:
..\src\Server.c:35:6: error: conflicting types for 'random_char'
 char random_char(const char *charset) {
      ^~~~~~~~~~~
..\src\Server.c:30:22: note: previous implicit declaration of 'random_char' was here
          output[i] = random_char(full_charset);
                      ^~~~~~~~~~~
..\src\Server.c: In function 'generate_unambiguous':
..\src\Server.c:33:1: warning: control reaches end of non-void function [-Wreturn-type]
 }
 ^
13:11:56 **** Incremental Build of configuration Debug for project UDPserver ****
Info: Internal Builder is used for build
gcc -O0 -g3 -Wall -c -fmessage-length=0 -o "src\\Server.o" "..\\src\\Server.c" 
..\src\Server.c: In function 'generate_unambiguous':
..\src\Server.c:30:22: warning: implicit declaration of function 'random_char' [-Wimplicit-function-declaration]
          output[i] = random_char(full_charset);
                      ^~~~~~~~~~~
..\src\Server.c: At top level:
..\src\Server.c:35:6: error: conflicting types for 'random_char'
 char random_char(const char *charset) {
      ^~~~~~~~~~~
..\src\Server.c:30:22: note: previous implicit declaration of 'random_char' was here
          output[i] = random_char(full_charset);
                      ^~~~~~~~~~~
..\src\Server.c: In function 'generate_unambiguous':
..\src\Server.c:33:1: warning: control reaches end of non-void function [-Wreturn-type]
 }
 ^
13:12:18 **** Incremental Build of configuration Debug for project UDPserver ****
Info: Internal Builder is used for build
gcc -O0 -g3 -Wall -c -fmessage-length=0 -o "src\\Server.o" "..\\src\\Server.c" 
..\src\Server.c: In function 'generate_unambiguous':
..\src\Server.c:70:1: warning: control reaches end of non-void function [-Wreturn-type]
 }
 ^
gcc -o UDPserver.exe "src\\Server.o" -lwsock32 
13:13:17 **** Incremental Build of configuration Debug for project UDPserver ****
Info: Internal Builder is used for build
gcc -O0 -g3 -Wall -c -fmessage-length=0 -o "src\\Server.o" "..\\src\\Server.c" 
gcc -o UDPserver.exe "src\\Server.o" -lwsock32 
Info: Nothing to build for UDPserver
Info: Nothing to build for UDPclient
Info: Nothing to build for UDPclient
13:15:31 **** Incremental Build of configuration Debug for project UDPserver ****
Info: Internal Builder is used for build
gcc -O0 -g3 -Wall -c -fmessage-length=0 -o "src\\Server.o" "..\\src\\Server.c" 
gcc -o UDPserver.exe "src\\Server.o" -lwsock32 
Info: Nothing to build for UDPserver
13:17:12 **** Incremental Build of configuration Debug for project UDPserver ****
Info: Internal Builder is used for build
gcc -O0 -g3 -Wall -c -fmessage-length=0 -o "src\\Server.o" "..\\src\\Server.c" 
gcc -o UDPserver.exe "src\\Server.o" -lwsock32 
14:54:58 **** Incremental Build of configuration Debug for project UDPclient ****
Info: Internal Builder is used for build
gcc -O0 -g3 -Wall -c -fmessage-length=0 -o "src\\Client.o" "..\\src\\Client.c" 
gcc -o UDPclient.exe "src\\Client.o" -lwsock32 
14:58:56 **** Incremental Build of configuration Debug for project UDPclient ****
Info: Internal Builder is used for build
gcc -O0 -g3 -Wall -c -fmessage-length=0 -o "src\\Client.o" "..\\src\\Client.c" 
gcc -o UDPclient.exe "src\\Client.o" -lwsock32 
17:45:11 **** Rebuild of configuration Debug for project UDPclient ****
Info: Internal Builder is used for build
gcc -O0 -g3 -Wall -c -fmessage-length=0 -o "src\\Client.o" "..\\src\\Client.c" 
gcc -o UDPclient.exe "src\\Client.o" -lwsock32 
17:45:14 **** Rebuild of configuration Debug for project UDPserver ****
Info: Internal Builder is used for build
gcc -O0 -g3 -Wall -c -fmessage-length=0 -o "src\\Server.o" "..\\src\\Server.c" 
gcc -o UDPserver.exe "src\\Server.o" -lwsock32 
c:/mingw/bin/../lib/gcc/mingw32/6.3.0/../../../../mingw32/bin/ld.exe: cannot open output file UDPserver.exe: Permission denied
collect2.exe: error: ld returned 1 exit status
Info: Nothing to build for UDPclient
Info: Nothing to build for UDPserver
Info: Nothing to build for UDPserver
Info: Nothing to build for UDPserver
Info: Nothing to build for UDPserver
Info: Nothing to build for UDPserver
17:48:05 **** Clean-only build of configuration Debug for project UDPclient ****
rm -rf src/Client.o src/Client.d UDPclient.exe 
17:48:12 **** Clean-only build of configuration Debug for project UDPserver ****
rm -rf src/Server.o UDPserver.exe src/Server.d 
17:48:12 **** Rebuild of configuration Debug for project UDPclient ****
Info: Internal Builder is used for build
gcc -O0 -g3 -Wall -c -fmessage-length=0 -o "src\\Client.o" "..\\src\\Client.c" 
gcc -o UDPclient.exe "src\\Client.o" -lwsock32 
17:48:13 **** Rebuild of configuration Debug for project UDPserver ****
Info: Internal Builder is used for build
gcc -O0 -g3 -Wall -c -fmessage-length=0 -o "src\\Server.o" "..\\src\\Server.c" 
gcc -o UDPserver.exe "src\\Server.o" -lwsock32 
Info: Nothing to build for UDPclient
Info: Nothing to build for UDPserver
Info: Nothing to build for UDPclient
Info: Nothing to build for UDPserver
Info: Nothing to build for UDPserver
Info: Nothing to build for UDPserver
Info: Nothing to build for UDPserver
Info: Nothing to build for UDPclient
Info: Nothing to build for UDPserver
Info: Nothing to build for UDPserver
Info: Nothing to build for UDPclient
Info: Nothing to build for UDPclient
18:03:06 **** Incremental Build of configuration Debug for project UDPserver ****
Info: Internal Builder is used for build
gcc -O0 -g3 -Wall -c -fmessage-length=0 -o "src\\Server.o" "..\\src\\Server.c" 
..\src\Server.c: In function 'main':
..\src\Server.c:167:25: warning: missing terminating ' character
   buffer[recvMsgSize] = '\0’;
                         ^
..\src\Server.c:167:25: error: missing terminating ' character
   buffer[recvMsgSize] = '\0’;
                         ^~~~~~~
..\src\Server.c:168:2: error: expected expression before '}' token
  }
  ^
Info: Nothing to build for UDPclient
18:03:54 **** Incremental Build of configuration Debug for project UDPserver ****
Info: Internal Builder is used for build
gcc -O0 -g3 -Wall -c -fmessage-length=0 -o "src\\Server.o" "..\\src\\Server.c" 
..\src\Server.c: In function 'main':
..\src\Server.c:168:26: warning: missing terminating ' character
    buffer[recvMsgSize] = '\0’;
                          ^
..\src\Server.c:168:26: error: missing terminating ' character
    buffer[recvMsgSize] = '\0’;
                          ^~~~~~~
..\src\Server.c:169:3: error: expected expression before '}' token
   }
   ^
18:04:22 **** Incremental Build of configuration Debug for project UDPserver ****
Info: Internal Builder is used for build
gcc -O0 -g3 -Wall -c -fmessage-length=0 -o "src\\Server.o" "..\\src\\Server.c" 
..\src\Server.c: In function 'main':
..\src\Server.c:168:26: warning: missing terminating ' character
    buffer[recvMsgSize] = '\0’;
                          ^
..\src\Server.c:168:26: error: missing terminating ' character
    buffer[recvMsgSize] = '\0’;
                          ^~~~~~~
..\src\Server.c:169:3: error: expected expression before '}' token
   }
   ^
18:04:36 **** Clean-only build of configuration Debug for project UDPclient ****
rm -rf src/Client.o src/Client.d UDPclient.exe 
18:04:38 **** Clean-only build of configuration Debug for project UDPserver ****
rm -rf src/Server.o UDPserver.exe src/Server.d 
18:04:38 **** Rebuild of configuration Debug for project UDPclient ****
Info: Internal Builder is used for build
gcc -O0 -g3 -Wall -c -fmessage-length=0 -o "src\\Client.o" "..\\src\\Client.c" 
gcc -o UDPclient.exe "src\\Client.o" -lwsock32 
18:04:39 **** Rebuild of configuration Debug for project UDPserver ****
Info: Internal Builder is used for build
gcc -O0 -g3 -Wall -c -fmessage-length=0 -o "src\\Server.o" "..\\src\\Server.c" 
..\src\Server.c: In function 'main':
..\src\Server.c:168:26: warning: missing terminating ' character
    buffer[recvMsgSize] = '\0’;
                          ^
..\src\Server.c:168:26: error: missing terminating ' character
    buffer[recvMsgSize] = '\0’;
                          ^~~~~~~
..\src\Server.c:169:3: error: expected expression before '}' token
   }
   ^
18:05:07 **** Incremental Build of configuration Debug for project UDPserver ****
Info: Internal Builder is used for build
gcc -O0 -g3 -Wall -c -fmessage-length=0 -o "src\\Server.o" "..\\src\\Server.c" 
gcc -o UDPserver.exe "src\\Server.o" -lwsock32 
18:05:23 **** Incremental Build of configuration Debug for project UDPserver ****
Info: Internal Builder is used for build
gcc -O0 -g3 -Wall -c -fmessage-length=0 -o "src\\Server.o" "..\\src\\Server.c" 
..\src\Server.c: In function 'main':
..\src\Server.c:168:26: warning: missing terminating ' character
    buffer[recvMsgSize] = '\0’;
                          ^
..\src\Server.c:168:26: error: missing terminating ' character
    buffer[recvMsgSize] = '\0’;
                          ^~~~~~~
..\src\Server.c:169:3: error: expected expression before '}' token
   }
   ^
18:05:58 **** Incremental Build of configuration Debug for project UDPserver ****
Info: Internal Builder is used for build
gcc -O0 -g3 -Wall -c -fmessage-length=0 -o "src\\Server.o" "..\\src\\Server.c" 
..\src\Server.c: In function 'main':
..\src\Server.c:169:25: warning: missing terminating ' character
   buffer[recvMsgSize] = '\0’;
                         ^
..\src\Server.c:169:25: error: missing terminating ' character
   buffer[recvMsgSize] = '\0’;
                         ^~~~~~~
..\src\Server.c:170:2: error: expected expression before '}' token
  }
  ^
18:06:18 **** Incremental Build of configuration Debug for project UDPserver ****
Info: Internal Builder is used for build
gcc -O0 -g3 -Wall -c -fmessage-length=0 -o "src\\Server.o" "..\\src\\Server.c" 
gcc -o UDPserver.exe "src\\Server.o" -lwsock32 
18:06:37 **** Incremental Build of configuration Debug for project UDPserver ****
Info: Internal Builder is used for build
gcc -O0 -g3 -Wall -c -fmessage-length=0 -o "src\\Server.o" "..\\src\\Server.c" 
gcc -o UDPserver.exe "src\\Server.o" -lwsock32 
Info: Nothing to build for UDPserver
Info: Nothing to build for UDPserver
Info: Nothing to build for UDPclient
Info: Nothing to build for UDPserver
18:16:48 **** Incremental Build of configuration Debug for project UDPclient ****
Info: Internal Builder is used for build
gcc -O0 -g3 -Wall -c -fmessage-length=0 -o "src\\Client.o" "..\\src\\Client.c" 
gcc -o UDPclient.exe "src\\Client.o" -lwsock32 
c:/mingw/bin/../lib/gcc/mingw32/6.3.0/../../../../mingw32/bin/ld.exe: cannot open output file UDPclient.exe: Permission denied
collect2.exe: error: ld returned 1 exit status
18:16:59 **** Clean-only build of configuration Debug for project UDPclient ****
rm -rf src/Client.o src/Client.d UDPclient.exe 
rm: cannot remove `UDPclient.exe': Permission denied
18:16:59 **** Clean-only build of configuration Debug for project UDPserver ****
rm -rf src/Server.o UDPserver.exe src/Server.d 
rm: cannot remove `UDPserver.exe': Permission denied
18:17:00 **** Rebuild of configuration Debug for project UDPclient ****
Info: Internal Builder is used for build
gcc -O0 -g3 -Wall -c -fmessage-length=0 -o "src\\Client.o" "..\\src\\Client.c" 
gcc -o UDPclient.exe "src\\Client.o" -lwsock32 
c:/mingw/bin/../lib/gcc/mingw32/6.3.0/../../../../mingw32/bin/ld.exe: cannot open output file UDPclient.exe: Permission denied
collect2.exe: error: ld returned 1 exit status
18:17:01 **** Rebuild of configuration Debug for project UDPserver ****
Info: Internal Builder is used for build
gcc -O0 -g3 -Wall -c -fmessage-length=0 -o "src\\Server.o" "..\\src\\Server.c" 
gcc -o UDPserver.exe "src\\Server.o" -lwsock32 
c:/mingw/bin/../lib/gcc/mingw32/6.3.0/../../../../mingw32/bin/ld.exe: cannot open output file UDPserver.exe: Permission denied
collect2.exe: error: ld returned 1 exit status
18:18:02 **** Clean-only build of configuration Debug for project UDPclient ****
rm -rf src/Client.o src/Client.d UDPclient.exe 
18:18:03 **** Clean-only build of configuration Debug for project UDPserver ****
rm -rf src/Server.o UDPserver.exe src/Server.d 
18:18:04 **** Rebuild of configuration Debug for project UDPclient ****
Info: Internal Builder is used for build
gcc -O0 -g3 -Wall -c -fmessage-length=0 -o "src\\Client.o" "..\\src\\Client.c" 
gcc -o UDPclient.exe "src\\Client.o" -lwsock32 
18:18:05 **** Rebuild of configuration Debug for project UDPserver ****
Info: Internal Builder is used for build
gcc -O0 -g3 -Wall -c -fmessage-length=0 -o "src\\Server.o" "..\\src\\Server.c" 
gcc -o UDPserver.exe "src\\Server.o" -lwsock32 
18:23:24 **** Incremental Build of configuration Debug for project UDPclient ****
Info: Internal Builder is used for build
gcc -O0 -g3 -Wall -c -fmessage-length=0 -o "src\\Client.o" "..\\src\\Client.c" 
gcc -o UDPclient.exe "src\\Client.o" -lwsock32 
Info: Nothing to build for UDPclient
Info: Nothing to build for UDPclient
Info: Nothing to build for UDPclient
Info: Nothing to build for UDPserver
Info: Nothing to build for UDPserver
Info: Nothing to build for UDPserver
Info: Nothing to build for UDPclient
18:45:50 **** Incremental Build of configuration Debug for project UDPserver ****
Info: Internal Builder is used for build
gcc -O0 -g3 -Wall -c -fmessage-length=0 -o "src\\Server.o" "..\\src\\Server.c" 
gcc -o UDPserver.exe "src\\Server.o" -lwsock32 
Info: Nothing to build for UDPclient
Info: Nothing to build for UDPserver
12:05:42 **** Rebuild of configuration Debug for project library ****
Info: Internal Builder is used for build
gcc -O0 -g3 -Wall -c -fmessage-length=0 -o "src\\header.o" "..\\src\\header.c" 
..\src\header.c:7:10: error: #include expects "FILENAME" or <FILENAME>
 #include 'header.h'
          ^~~~~~~~~~
..\src\header.c: In function 'errorhandler':
..\src\header.c:10:5: warning: implicit declaration of function 'printf' [-Wimplicit-function-declaration]
     printf("%s\n", error_msg);
     ^~~~~~
..\src\header.c:10:5: warning: incompatible implicit declaration of built-in function 'printf'
..\src\header.c:10:5: note: include '<stdio.h>' or provide a declaration of 'printf'
12:06:03 **** Incremental Build of configuration Debug for project library ****
Info: Internal Builder is used for build
gcc -O0 -g3 -Wall -c -fmessage-length=0 -o "src\\header.o" "..\\src\\header.c" 
..\src\header.c:7:10: error: #include expects "FILENAME" or <FILENAME>
 #include 'header.h'
          ^~~~~~~~~~
..\src\header.c: In function 'errorhandler':
..\src\header.c:10:5: warning: implicit declaration of function 'printf' [-Wimplicit-function-declaration]
     printf("%s\n", error_msg);
     ^~~~~~
..\src\header.c:10:5: warning: incompatible implicit declaration of built-in function 'printf'
..\src\header.c:10:5: note: include '<stdio.h>' or provide a declaration of 'printf'
12:06:14 **** Incremental Build of configuration Debug for project library ****
Info: Internal Builder is used for build
gcc -O0 -g3 -Wall -c -fmessage-length=0 -o "src\\header.o" "..\\src\\header.c" 
ar -r -P liblibrary.a "src\\header.o" 
ar: creating liblibrary.a
Info: Nothing to build for UDPserver
Info: Nothing to build for library
12:12:33 **** Incremental Build of configuration Debug for project UDPclient ****
Info: Internal Builder is used for build
gcc "-IC:\\Users\\simon\\OneDrive\\Desktop\\UDPconnection\\library\\src" -O0 -g3 -Wall -c -fmessage-length=0 -o "src\\Client.o" "..\\src\\Client.c" 
gcc "-LC:\\Users\\simon\\OneDrive\\Desktop\\UDPconnection\\library\\Debug" -o UDPclient.exe "src\\Client.o" -llibrary -lwsock32 
Info: Nothing to build for library
12:15:49 **** Incremental Build of configuration Debug for project UDPserver ****
Info: Internal Builder is used for build
gcc "-IC:\\Users\\simon\\OneDrive\\Desktop\\UDPconnection\\library\\src" -O0 -g3 -Wall -c -fmessage-length=0 -o "src\\Server.o" "..\\src\\Server.c" 
gcc "-LC:\\Users\\simon\\OneDrive\\Desktop\\UDPconnection\\library\\Debug" -o UDPserver.exe "src\\Server.o" -llibrary -lwsock32 
Info: Nothing to build for UDPclient
12:21:39 **** Incremental Build of configuration Debug for project library ****
Info: Internal Builder is used for build
gcc -O0 -g3 -Wall -c -fmessage-length=0 -o "src\\ClientLib.o" "..\\src\\ClientLib.c" 
..\src\ClientLib.c: In function 'msgValidate':
..\src\ClientLib.c:60:23: warning: implicit declaration of function 'atoi' [-Wimplicit-function-declaration]
         if ((lenNum = atoi(len)) != 0) {
                       ^~~~
ar -r -P liblibrary.a "src\\ClientLib.o" "src\\header.o" 
12:21:40 **** Incremental Build of configuration Debug for project UDPserver ****
Info: Internal Builder is used for build
gcc "-LC:\\Users\\simon\\OneDrive\\Desktop\\UDPconnection\\library\\Debug" -o UDPserver.exe "src\\Server.o" -llibrary -lwsock32 
12:21:40 **** Incremental Build of configuration Debug for project UDPclient ****
Info: Internal Builder is used for build
gcc "-LC:\\Users\\simon\\OneDrive\\Desktop\\UDPconnection\\library\\Debug" -o UDPclient.exe "src\\Client.o" -llibrary -lwsock32 
Info: Nothing to build for library
Info: Nothing to build for UDPserver
12:23:24 **** Incremental Build of configuration Debug for project UDPclient ****
Info: Internal Builder is used for build
gcc "-IC:\\Users\\simon\\OneDrive\\Desktop\\UDPconnection\\library\\src" -O0 -g3 -Wall -c -fmessage-length=0 -o "src\\Client.o" "..\\src\\Client.c" 
..\src\Client.c: In function 'main':
..\src\Client.c:62:9: warning: implicit declaration of function 'menu' [-Wimplicit-function-declaration]
         menu();
         ^~~~
..\src\Client.c:68:13: warning: implicit declaration of function 'msgValidate' [-Wimplicit-function-declaration]
         if (msgValidate(input, errorstring)) {
             ^~~~~~~~~~~
gcc "-LC:\\Users\\simon\\OneDrive\\Desktop\\UDPconnection\\library\\Debug" -o UDPclient.exe "src\\Client.o" -llibrary -lwsock32 
12:24:00 **** Clean-only build of configuration Debug for project UDPclient ****
rm -rf src/Client.o src/Client.d UDPclient.exe 
12:24:00 **** Clean-only build of configuration Debug for project UDPserver ****
rm -rf src/Server.o UDPserver.exe src/Server.d 
12:24:00 **** Clean-only build of configuration Debug for project library ****
rm -rf src/ClientLib.d liblibrary.a src/header.o src/ClientLib.o src/header.d 
12:24:00 **** Rebuild of configuration Debug for project library ****
Info: Internal Builder is used for build
gcc -O0 -g3 -Wall -c -fmessage-length=0 -o "src\\header.o" "..\\src\\header.c" 
gcc -O0 -g3 -Wall -c -fmessage-length=0 -o "src\\ClientLib.o" "..\\src\\ClientLib.c" 
..\src\ClientLib.c: In function 'msgValidate':
..\src\ClientLib.c:60:23: warning: implicit declaration of function 'atoi' [-Wimplicit-function-declaration]
         if ((lenNum = atoi(len)) != 0) {
                       ^~~~
ar -r -P liblibrary.a "src\\ClientLib.o" "src\\header.o" 
ar: creating liblibrary.a
12:24:01 **** Rebuild of configuration Debug for project UDPserver ****
Info: Internal Builder is used for build
gcc "-IC:\\Users\\simon\\OneDrive\\Desktop\\UDPconnection\\library\\src" -O0 -g3 -Wall -c -fmessage-length=0 -o "src\\Server.o" "..\\src\\Server.c" 
gcc "-LC:\\Users\\simon\\OneDrive\\Desktop\\UDPconnection\\library\\Debug" -o UDPserver.exe "src\\Server.o" -llibrary -lwsock32 
12:24:02 **** Rebuild of configuration Debug for project UDPclient ****
Info: Internal Builder is used for build
gcc "-IC:\\Users\\simon\\OneDrive\\Desktop\\UDPconnection\\library\\src" -O0 -g3 -Wall -c -fmessage-length=0 -o "src\\Client.o" "..\\src\\Client.c" 
..\src\Client.c: In function 'main':
..\src\Client.c:62:9: warning: implicit declaration of function 'menu' [-Wimplicit-function-declaration]
         menu();
         ^~~~
..\src\Client.c:68:13: warning: implicit declaration of function 'msgValidate' [-Wimplicit-function-declaration]
         if (msgValidate(input, errorstring)) {
             ^~~~~~~~~~~
gcc "-LC:\\Users\\simon\\OneDrive\\Desktop\\UDPconnection\\library\\Debug" -o UDPclient.exe "src\\Client.o" -llibrary -lwsock32 
Info: Nothing to build for library
Info: Nothing to build for UDPserver
12:24:31 **** Incremental Build of configuration Debug for project UDPclient ****
Info: Internal Builder is used for build
gcc "-IC:\\Users\\simon\\OneDrive\\Desktop\\UDPconnection\\library\\src" -O0 -g3 -Wall -c -fmessage-length=0 -o "src\\Client.o" "..\\src\\Client.c" 
gcc "-LC:\\Users\\simon\\OneDrive\\Desktop\\UDPconnection\\library\\Debug" -o UDPclient.exe "src\\Client.o" -llibrary -lwsock32 
12:29:33 **** Incremental Build of configuration Debug for project library ****
Info: Internal Builder is used for build
gcc -O0 -g3 -Wall -c -fmessage-length=0 -o "src\\ServerLib.o" "..\\src\\ServerLib.c" 
..\src\ServerLib.c: In function 'random_char':
..\src\ServerLib.c:12:20: warning: implicit declaration of function 'rand' [-Wimplicit-function-declaration]
     return charset[rand() % len];
                    ^~~~
ar -r -P liblibrary.a "src\\ClientLib.o" "src\\ServerLib.o" "src\\header.o" 
12:29:34 **** Incremental Build of configuration Debug for project UDPserver ****
Info: Internal Builder is used for build
gcc "-IC:\\Users\\simon\\OneDrive\\Desktop\\UDPconnection\\library\\src" -O0 -g3 -Wall -c -fmessage-length=0 -o "src\\Server.o" "..\\src\\Server.c" 
gcc "-LC:\\Users\\simon\\OneDrive\\Desktop\\UDPconnection\\library\\Debug" -o UDPserver.exe "src\\Server.o" -llibrary -lwsock32 
12:29:34 **** Incremental Build of configuration Debug for project UDPclient ****
Info: Internal Builder is used for build
gcc "-LC:\\Users\\simon\\OneDrive\\Desktop\\UDPconnection\\library\\Debug" -o UDPclient.exe "src\\Client.o" -llibrary -lwsock32 
12:30:20 **** Clean-only build of configuration Debug for project UDPclient ****
rm -rf src/Client.o src/Client.d UDPclient.exe 
12:30:20 **** Clean-only build of configuration Debug for project UDPserver ****
rm -rf src/Server.o UDPserver.exe src/Server.d 
12:30:21 **** Clean-only build of configuration Debug for project library ****
rm -rf src/ClientLib.d liblibrary.a src/ServerLib.d src/header.o src/ClientLib.o src/header.d src/ServerLib.o 
12:30:21 **** Rebuild of configuration Debug for project library ****
Info: Internal Builder is used for build
gcc -O0 -g3 -Wall -c -fmessage-length=0 -o "src\\header.o" "..\\src\\header.c" 
gcc -O0 -g3 -Wall -c -fmessage-length=0 -o "src\\ClientLib.o" "..\\src\\ClientLib.c" 
gcc -O0 -g3 -Wall -c -fmessage-length=0 -o "src\\ServerLib.o" "..\\src\\ServerLib.c" 
ar -r -P liblibrary.a "src\\ClientLib.o" "src\\ServerLib.o" "src\\header.o" 
ar: creating liblibrary.a
12:30:22 **** Rebuild of configuration Debug for project UDPserver ****
Info: Internal Builder is used for build
gcc "-IC:\\Users\\simon\\OneDrive\\Desktop\\UDPconnection\\library\\src" -O0 -g3 -Wall -c -fmessage-length=0 -o "src\\Server.o" "..\\src\\Server.c" 
gcc "-LC:\\Users\\simon\\OneDrive\\Desktop\\UDPconnection\\library\\Debug" -o UDPserver.exe "src\\Server.o" -llibrary -lwsock32 
12:30:22 **** Rebuild of configuration Debug for project UDPclient ****
Info: Internal Builder is used for build
gcc "-IC:\\Users\\simon\\OneDrive\\Desktop\\UDPconnection\\library\\src" -O0 -g3 -Wall -c -fmessage-length=0 -o "src\\Client.o" "..\\src\\Client.c" 
gcc "-LC:\\Users\\simon\\OneDrive\\Desktop\\UDPconnection\\library\\Debug" -o UDPclient.exe "src\\Client.o" -llibrary -lwsock32 
